# JRE version: OpenJDK Runtime Environment Temurin-17.0.8+7 (17.0.8+7) (build 17.0.8+7)
# Java VM: OpenJDK 64-Bit Server VM Temurin-17.0.8+7 (17.0.8+7, mixed mode, sharing, tiered, compressed oops, compressed class ptrs, g1 gc, windows-amd64)
GC Precious Log:
 CPUs: 8 total, 8 available
 Memory: 7959M
 Large Page Support: Disabled
 NUMA Support: Disabled
 Compressed Oops: Enabled (32-bit)
 Heap Region Size: 1M
 Heap Min Capacity: 8M
 Heap Initial Capacity: 126M
 Heap Max Capacity: 2G
 Pre-touch: Disabled
 Parallel Workers: 8
 Concurrent Workers: 2
 Concurrent Refinement Workers: 8
 Periodic GC: Disabled
Heap:
 garbage-first heap   total 345088K, used 213311K [0x0000000080000000, 0x0000000100000000)
  region size 1024K, 9 young (9216K), 5 survivors (5120K)
 Metaspace       used 124325K, committed 125952K, reserved 557056K
  class space    used 16632K, committed 17344K, reserved 425984K
GC Heap History (20 events):
Event: 107.915 GC heap before
{Heap before GC invocations=54 (full 0):
 garbage-first heap   total 281600K, used 228662K [0x0000000080000000, 0x0000000100000000)
  region size 1024K, 50 young (51200K), 8 survivors (8192K)
 Metaspace       used 106864K, committed 108096K, reserved 557056K
  class space    used 14428K, committed 14976K, reserved 425984K
}
Event: 107.930 GC heap after
{Heap after GC invocations=55 (full 0):
 garbage-first heap   total 281600K, used 193714K [0x0000000080000000, 0x0000000100000000)
  region size 1024K, 7 young (7168K), 7 survivors (7168K)
 Metaspace       used 106864K, committed 108096K, reserved 557056K
  class space    used 14428K, committed 14976K, reserved 425984K
}
Event: 110.079 GC heap before
{Heap before GC invocations=56 (full 0):
 garbage-first heap   total 334848K, used 227506K [0x0000000080000000, 0x0000000100000000)
  region size 1024K, 41 young (41984K), 7 survivors (7168K)
 Metaspace       used 107514K, committed 108736K, reserved 557056K
  class space    used 14486K, committed 15040K, reserved 425984K
}
Event: 110.091 GC heap after
{Heap after GC invocations=57 (full 0):
 garbage-first heap   total 334848K, used 198396K [0x0000000080000000, 0x0000000100000000)
  region size 1024K, 5 young (5120K), 5 survivors (5120K)
 Metaspace       used 107514K, committed 108736K, reserved 557056K
  class space    used 14486K, committed 15040K, reserved 425984K
}
Event: 111.348 GC heap before
{Heap before GC invocations=57 (full 0):
 garbage-first heap   total 334848K, used 209660K [0x0000000080000000, 0x0000000100000000)
  region size 1024K, 16 young (16384K), 5 survivors (5120K)
 Metaspace       used 107614K, committed 108800K, reserved 557056K
  class space    used 14495K, committed 15040K, reserved 425984K
}
Event: 111.359 GC heap after
{Heap after GC invocations=58 (full 0):
 garbage-first heap   total 334848K, used 175210K [0x0000000080000000, 0x0000000100000000)
  region size 1024K, 2 young (2048K), 2 survivors (2048K)
 Metaspace       used 107614K, committed 108800K, reserved 557056K
  class space    used 14495K, committed 15040K, reserved 425984K
}
Event: 112.254 GC heap before
{Heap before GC invocations=58 (full 0):
 garbage-first heap   total 334848K, used 263274K [0x0000000080000000, 0x0000000100000000)
  region size 1024K, 89 young (91136K), 2 survivors (2048K)
 Metaspace       used 107952K, committed 109120K, reserved 557056K
  class space    used 14527K, committed 15040K, reserved 425984K
}
Event: 112.262 GC heap after
{Heap after GC invocations=59 (full 0):
 garbage-first heap   total 334848K, used 182487K [0x0000000080000000, 0x0000000100000000)
  region size 1024K, 9 young (9216K), 9 survivors (9216K)
 Metaspace       used 107952K, committed 109120K, reserved 557056K
  class space    used 14527K, committed 15040K, reserved 425984K
}
Event: 112.380 GC heap before
{Heap before GC invocations=59 (full 0):
 garbage-first heap   total 334848K, used 188631K [0x0000000080000000, 0x0000000100000000)
  region size 1024K, 16 young (16384K), 9 survivors (9216K)
 Metaspace       used 107953K, committed 109120K, reserved 557056K
  class space    used 14527K, committed 15040K, reserved 425984K
}
Event: 112.386 GC heap after
{Heap after GC invocations=60 (full 0):
 garbage-first heap   total 334848K, used 183669K [0x0000000080000000, 0x0000000100000000)
  region size 1024K, 2 young (2048K), 2 survivors (2048K)
 Metaspace       used 107953K, committed 109120K, reserved 557056K
  class space    used 14527K, committed 15040K, reserved 425984K
}
Event: 114.158 GC heap before
{Heap before GC invocations=61 (full 0):
 garbage-first heap   total 345088K, used 288117K [0x0000000080000000, 0x0000000100000000)
  region size 1024K, 85 young (87040K), 2 survivors (2048K)
 Metaspace       used 108892K, committed 110144K, reserved 557056K
  class space    used 14644K, committed 15232K, reserved 425984K
}
Event: 114.167 GC heap after
{Heap after GC invocations=62 (full 0):
 garbage-first heap   total 345088K, used 191483K [0x0000000080000000, 0x0000000100000000)
  region size 1024K, 9 young (9216K), 9 survivors (9216K)
 Metaspace       used 108892K, committed 110144K, reserved 557056K
  class space    used 14644K, committed 15232K, reserved 425984K
}
Event: 114.271 GC heap before
{Heap before GC invocations=62 (full 0):
 garbage-first heap   total 345088K, used 197627K [0x0000000080000000, 0x0000000100000000)
  region size 1024K, 16 young (16384K), 9 survivors (9216K)
 Metaspace       used 109359K, committed 110656K, reserved 557056K
  class space    used 14702K, committed 15296K, reserved 425984K
}
Event: 114.283 GC heap after
{Heap after GC invocations=63 (full 0):
 garbage-first heap   total 345088K, used 189443K [0x0000000080000000, 0x0000000100000000)
  region size 1024K, 2 young (2048K), 2 survivors (2048K)
 Metaspace       used 109359K, committed 110656K, reserved 557056K
  class space    used 14702K, committed 15296K, reserved 425984K
}
Event: 118.873 GC heap before
{Heap before GC invocations=63 (full 0):
 garbage-first heap   total 345088K, used 288771K [0x0000000080000000, 0x0000000100000000)
  region size 1024K, 90 young (92160K), 2 survivors (2048K)
 Metaspace       used 119427K, committed 120704K, reserved 557056K
  class space    used 15967K, committed 16576K, reserved 425984K
}
Event: 118.883 GC heap after
{Heap after GC invocations=64 (full 0):
 garbage-first heap   total 345088K, used 202947K [0x0000000080000000, 0x0000000100000000)
  region size 1024K, 9 young (9216K), 9 survivors (9216K)
 Metaspace       used 119427K, committed 120704K, reserved 557056K
  class space    used 15967K, committed 16576K, reserved 425984K
}
Event: 122.524 GC heap before
{Heap before GC invocations=64 (full 0):
 garbage-first heap   total 345088K, used 282819K [0x0000000080000000, 0x0000000100000000)
  region size 1024K, 88 young (90112K), 9 survivors (9216K)
 Metaspace       used 121803K, committed 123136K, reserved 557056K
  class space    used 16268K, committed 16896K, reserved 425984K
}
Event: 122.541 GC heap after
{Heap after GC invocations=65 (full 0):
 garbage-first heap   total 345088K, used 206147K [0x0000000080000000, 0x0000000100000000)
  region size 1024K, 11 young (11264K), 11 survivors (11264K)
 Metaspace       used 121803K, committed 123136K, reserved 557056K
  class space    used 16268K, committed 16896K, reserved 425984K
}
Event: 125.178 GC heap before
{Heap before GC invocations=65 (full 0):
 garbage-first heap   total 345088K, used 282947K [0x0000000080000000, 0x0000000100000000)
  region size 1024K, 87 young (89088K), 11 survivors (11264K)
 Metaspace       used 124557K, committed 125952K, reserved 557056K
  class space    used 16646K, committed 17344K, reserved 425984K
}
Event: 125.190 GC heap after
{Heap after GC invocations=66 (full 0):
 garbage-first heap   total 345088K, used 209215K [0x0000000080000000, 0x0000000100000000)
  region size 1024K, 5 young (5120K), 5 survivors (5120K)
 Metaspace       used 124557K, committed 125952K, reserved 557056K
  class space    used 16646K, committed 17344K, reserved 425984K
}

